<?xml version="1.0" encoding="UTF-8"?>
<coverage generated="1644437583374" clover="3.2.0">
  <project timestamp="1644437583375" name="All files">
    <metrics statements="72" coveredstatements="64" conditionals="21" coveredconditionals="14" methods="13" coveredmethods="10" elements="106" coveredelements="88" complexity="0" loc="72" ncloc="72" packages="6" files="9" classes="9"/>
    <package name="src">
      <metrics statements="17" coveredstatements="14" conditionals="4" coveredconditionals="1" methods="2" coveredmethods="1"/>
      <file name="app.js" path="C:\Users\Aluno\3DT\unit-tests\server\src\app.js">
        <metrics statements="6" coveredstatements="6" conditionals="2" coveredconditionals="1" methods="0" coveredmethods="0"/>
        <line num="1" count="1" type="stmt"/>
        <line num="4" count="1" type="stmt"/>
        <line num="6" count="1" type="stmt"/>
        <line num="7" count="1" type="stmt"/>
        <line num="8" count="1" type="stmt"/>
        <line num="10" count="1" type="stmt"/>
      </file>
      <file name="routes.js" path="C:\Users\Aluno\3DT\unit-tests\server\src\routes.js">
        <metrics statements="8" coveredstatements="8" conditionals="0" coveredconditionals="0" methods="1" coveredmethods="1"/>
        <line num="1" count="1" type="stmt"/>
        <line num="3" count="1" type="stmt"/>
        <line num="5" count="1" type="stmt"/>
        <line num="7" count="1" type="stmt"/>
        <line num="9" count="1" type="stmt"/>
        <line num="11" count="1" type="stmt"/>
        <line num="12" count="1" type="stmt"/>
        <line num="15" count="1" type="stmt"/>
      </file>
      <file name="server.js" path="C:\Users\Aluno\3DT\unit-tests\server\src\server.js">
        <metrics statements="3" coveredstatements="0" conditionals="2" coveredconditionals="0" methods="1" coveredmethods="0"/>
        <line num="1" count="0" type="stmt"/>
        <line num="3" count="0" type="cond" truecount="0" falsecount="2"/>
        <line num="4" count="0" type="stmt"/>
      </file>
    </package>
    <package name="src.app.controllers">
      <metrics statements="10" coveredstatements="9" conditionals="4" coveredconditionals="3" methods="1" coveredmethods="1"/>
      <file name="SessionController.js" path="C:\Users\Aluno\3DT\unit-tests\server\src\app\controllers\SessionController.js">
        <metrics statements="10" coveredstatements="9" conditionals="4" coveredconditionals="3" methods="1" coveredmethods="1"/>
        <line num="3" count="1" type="stmt"/>
        <line num="5" count="1" type="stmt"/>
        <line num="10" count="3" type="stmt"/>
        <line num="12" count="3" type="stmt"/>
        <line num="18" count="3" type="cond" truecount="1" falsecount="1"/>
        <line num="19" count="0" type="stmt"/>
        <line num="24" count="3" type="cond" truecount="2" falsecount="0"/>
        <line num="25" count="1" type="stmt"/>
        <line num="30" count="2" type="stmt"/>
        <line num="37" count="1" type="stmt"/>
      </file>
    </package>
    <package name="src.app.middleware">
      <metrics statements="12" coveredstatements="12" conditionals="2" coveredconditionals="2" methods="1" coveredmethods="1"/>
      <file name="auth.js" path="C:\Users\Aluno\3DT\unit-tests\server\src\app\middleware\auth.js">
        <metrics statements="12" coveredstatements="12" conditionals="2" coveredconditionals="2" methods="1" coveredmethods="1"/>
        <line num="1" count="1" type="stmt"/>
        <line num="4" count="1" type="stmt"/>
        <line num="6" count="1" type="stmt"/>
        <line num="7" count="3" type="stmt"/>
        <line num="9" count="3" type="cond" truecount="2" falsecount="0"/>
        <line num="10" count="1" type="stmt"/>
        <line num="15" count="2" type="stmt"/>
        <line num="17" count="2" type="stmt"/>
        <line num="18" count="2" type="stmt"/>
        <line num="20" count="1" type="stmt"/>
        <line num="22" count="1" type="stmt"/>
        <line num="24" count="1" type="stmt"/>
      </file>
    </package>
    <package name="src.app.models">
      <metrics statements="28" coveredstatements="27" conditionals="7" coveredconditionals="5" methods="7" coveredmethods="7"/>
      <file name="User.js" path="C:\Users\Aluno\3DT\unit-tests\server\src\app\models\User.js">
        <metrics statements="11" coveredstatements="11" conditionals="2" coveredconditionals="1" methods="4" coveredmethods="4"/>
        <line num="1" count="2" type="stmt"/>
        <line num="2" count="2" type="stmt"/>
        <line num="4" count="2" type="stmt"/>
        <line num="5" count="2" type="stmt"/>
        <line num="13" count="5" type="cond" truecount="1" falsecount="1"/>
        <line num="14" count="5" type="stmt"/>
        <line num="20" count="2" type="stmt"/>
        <line num="21" count="3" type="stmt"/>
        <line num="24" count="2" type="stmt"/>
        <line num="25" count="3" type="stmt"/>
        <line num="28" count="2" type="stmt"/>
      </file>
      <file name="index.js" path="C:\Users\Aluno\3DT\unit-tests\server\src\app\models\index.js">
        <metrics statements="17" coveredstatements="16" conditionals="5" coveredconditionals="4" methods="3" coveredmethods="3"/>
        <line num="3" count="2" type="stmt"/>
        <line num="4" count="2" type="stmt"/>
        <line num="5" count="2" type="stmt"/>
        <line num="6" count="2" type="stmt"/>
        <line num="7" count="2" type="stmt"/>
        <line num="8" count="2" type="stmt"/>
        <line num="10" count="2" type="stmt"/>
        <line num="12" count="2" type="stmt"/>
        <line num="15" count="4" type="cond" truecount="3" falsecount="0"/>
        <line num="18" count="2" type="stmt"/>
        <line num="19" count="2" type="stmt"/>
        <line num="22" count="2" type="stmt"/>
        <line num="23" count="2" type="cond" truecount="1" falsecount="1"/>
        <line num="24" count="0" type="stmt"/>
        <line num="28" count="2" type="stmt"/>
        <line num="29" count="2" type="stmt"/>
        <line num="31" count="2" type="stmt"/>
      </file>
    </package>
    <package name="src.config">
      <metrics statements="2" coveredstatements="2" conditionals="4" coveredconditionals="3" methods="0" coveredmethods="0"/>
      <file name="database.js" path="C:\Users\Aluno\3DT\unit-tests\server\src\config\database.js">
        <metrics statements="2" coveredstatements="2" conditionals="4" coveredconditionals="3" methods="0" coveredmethods="0"/>
        <line num="1" count="2" type="stmt"/>
        <line num="5" count="2" type="stmt"/>
      </file>
    </package>
    <package name="src.database.migrations">
      <metrics statements="3" coveredstatements="0" conditionals="0" coveredconditionals="0" methods="2" coveredmethods="0"/>
      <file name="20220202201812-create-users.js" path="C:\Users\Aluno\3DT\unit-tests\server\src\database\migrations\20220202201812-create-users.js">
        <metrics statements="3" coveredstatements="0" conditionals="0" coveredconditionals="0" methods="2" coveredmethods="0"/>
        <line num="3" count="0" type="stmt"/>
        <line num="5" count="0" type="stmt"/>
        <line num="37" count="0" type="stmt"/>
      </file>
    </package>
  </project>
</coverage>
