{"C:\\Users\\Aluno\\3DT\\unit-tests\\server\\src\\app.js": {"path":"C:\\Users\\Aluno\\3DT\\unit-tests\\server\\src\\app.js","statementMap":{"0":{"start":{"line":1,"column":0},"end":{"line":3,"column":3}},"1":{"start":{"line":4,"column":16},"end":{"line":4,"column":34}},"2":{"start":{"line":6,"column":12},"end":{"line":6,"column":21}},"3":{"start":{"line":7,"column":0},"end":{"line":7,"column":24}},"4":{"start":{"line":8,"column":0},"end":{"line":8,"column":29}},"5":{"start":{"line":10,"column":0},"end":{"line":10,"column":21}}},"fnMap":{},"branchMap":{"0":{"loc":{"start":{"line":2,"column":10},"end":{"line":2,"column":63}},"type":"cond-expr","locations":[{"start":{"line":2,"column":43},"end":{"line":2,"column":54}},{"start":{"line":2,"column":57},"end":{"line":2,"column":63}}],"line":2}},"s":{"0":1,"1":1,"2":1,"3":1,"4":1,"5":1},"f":{},"b":{"0":[0,1]},"_coverageSchema":"1a1c01bbd47fc00a2c39e90264f33305004495a9","hash":"454b067e9bc1a13282b1424f6278a9d99cb27a65"}
,"C:\\Users\\Aluno\\3DT\\unit-tests\\server\\src\\routes.js": {"path":"C:\\Users\\Aluno\\3DT\\unit-tests\\server\\src\\routes.js","statementMap":{"0":{"start":{"line":1,"column":15},"end":{"line":1,"column":42}},"1":{"start":{"line":3,"column":23},"end":{"line":3,"column":55}},"2":{"start":{"line":5,"column":26},"end":{"line":5,"column":72}},"3":{"start":{"line":7,"column":0},"end":{"line":7,"column":49}},"4":{"start":{"line":9,"column":0},"end":{"line":9,"column":26}},"5":{"start":{"line":11,"column":0},"end":{"line":13,"column":2}},"6":{"start":{"line":12,"column":4},"end":{"line":12,"column":26}},"7":{"start":{"line":15,"column":0},"end":{"line":15,"column":23}}},"fnMap":{"0":{"name":"(anonymous_0)","decl":{"start":{"line":11,"column":25},"end":{"line":11,"column":26}},"loc":{"start":{"line":11,"column":39},"end":{"line":13,"column":1}},"line":11}},"branchMap":{},"s":{"0":1,"1":1,"2":1,"3":1,"4":1,"5":1,"6":1,"7":1},"f":{"0":1},"b":{},"_coverageSchema":"1a1c01bbd47fc00a2c39e90264f33305004495a9","hash":"637e093e255101d14d8ddcf0df904a48fd231690"}
,"C:\\Users\\Aluno\\3DT\\unit-tests\\server\\src\\server.js": {"path":"C:\\Users\\Aluno\\3DT\\unit-tests\\server\\src\\server.js","statementMap":{"0":{"start":{"line":1,"column":12},"end":{"line":1,"column":31}},"1":{"start":{"line":3,"column":0},"end":{"line":5,"column":2}},"2":{"start":{"line":4,"column":4},"end":{"line":4,"column":49}}},"fnMap":{"0":{"name":"(anonymous_0)","decl":{"start":{"line":3,"column":37},"end":{"line":3,"column":38}},"loc":{"start":{"line":3,"column":51},"end":{"line":5,"column":1}},"line":3}},"branchMap":{"0":{"loc":{"start":{"line":3,"column":11},"end":{"line":3,"column":35}},"type":"binary-expr","locations":[{"start":{"line":3,"column":11},"end":{"line":3,"column":27}},{"start":{"line":3,"column":31},"end":{"line":3,"column":35}}],"line":3}},"s":{"0":0,"1":0,"2":0},"f":{"0":0},"b":{"0":[0,0]}}
,"C:\\Users\\Aluno\\3DT\\unit-tests\\server\\src\\app\\controllers\\SessionController.js": {"path":"C:\\Users\\Aluno\\3DT\\unit-tests\\server\\src\\app\\controllers\\SessionController.js","statementMap":{"0":{"start":{"line":3,"column":4},"end":{"line":3,"column":24}},"1":{"start":{"line":5,"column":26},"end":{"line":35,"column":1}},"2":{"start":{"line":10,"column":12},"end":{"line":10,"column":20}},"3":{"start":{"line":12,"column":21},"end":{"line":16,"column":10}},"4":{"start":{"line":18,"column":8},"end":{"line":22,"column":9}},"5":{"start":{"line":19,"column":12},"end":{"line":21,"column":14}},"6":{"start":{"line":24,"column":8},"end":{"line":28,"column":9}},"7":{"start":{"line":25,"column":12},"end":{"line":27,"column":14}},"8":{"start":{"line":30,"column":8},"end":{"line":33,"column":10}},"9":{"start":{"line":37,"column":0},"end":{"line":37,"column":35}}},"fnMap":{"0":{"name":"(anonymous_0)","decl":{"start":{"line":6,"column":4},"end":{"line":6,"column":5}},"loc":{"start":{"line":6,"column":26},"end":{"line":34,"column":5}},"line":6}},"branchMap":{"0":{"loc":{"start":{"line":18,"column":8},"end":{"line":22,"column":9}},"type":"if","locations":[{"start":{"line":18,"column":8},"end":{"line":22,"column":9}},{"start":{},"end":{}}],"line":18},"1":{"loc":{"start":{"line":24,"column":8},"end":{"line":28,"column":9}},"type":"if","locations":[{"start":{"line":24,"column":8},"end":{"line":28,"column":9}},{"start":{},"end":{}}],"line":24}},"s":{"0":1,"1":1,"2":3,"3":3,"4":3,"5":0,"6":3,"7":1,"8":2,"9":1},"f":{"0":3},"b":{"0":[0,3],"1":[1,2]},"_coverageSchema":"1a1c01bbd47fc00a2c39e90264f33305004495a9","hash":"dceebb7cb9bc33106cff6b85508d629f1e7df464"}
,"C:\\Users\\Aluno\\3DT\\unit-tests\\server\\src\\app\\middleware\\auth.js": {"path":"C:\\Users\\Aluno\\3DT\\unit-tests\\server\\src\\app\\middleware\\auth.js","statementMap":{"0":{"start":{"line":1,"column":12},"end":{"line":1,"column":35}},"1":{"start":{"line":4,"column":4},"end":{"line":4,"column":19}},"2":{"start":{"line":6,"column":0},"end":{"line":26,"column":1}},"3":{"start":{"line":7,"column":23},"end":{"line":7,"column":48}},"4":{"start":{"line":9,"column":4},"end":{"line":13,"column":5}},"5":{"start":{"line":10,"column":8},"end":{"line":12,"column":10}},"6":{"start":{"line":15,"column":22},"end":{"line":15,"column":43}},"7":{"start":{"line":17,"column":4},"end":{"line":25,"column":5}},"8":{"start":{"line":18,"column":24},"end":{"line":18,"column":82}},"9":{"start":{"line":20,"column":8},"end":{"line":20,"column":31}},"10":{"start":{"line":22,"column":8},"end":{"line":22,"column":22}},"11":{"start":{"line":24,"column":8},"end":{"line":24,"column":64}}},"fnMap":{"0":{"name":"(anonymous_0)","decl":{"start":{"line":6,"column":17},"end":{"line":6,"column":18}},"loc":{"start":{"line":6,"column":43},"end":{"line":26,"column":1}},"line":6}},"branchMap":{"0":{"loc":{"start":{"line":9,"column":4},"end":{"line":13,"column":5}},"type":"if","locations":[{"start":{"line":9,"column":4},"end":{"line":13,"column":5}},{"start":{},"end":{}}],"line":9}},"s":{"0":1,"1":1,"2":1,"3":3,"4":3,"5":1,"6":2,"7":2,"8":2,"9":1,"10":1,"11":1},"f":{"0":3},"b":{"0":[1,2]},"_coverageSchema":"1a1c01bbd47fc00a2c39e90264f33305004495a9","hash":"0cbfc773ee0c8e4581152cb44fd415c2a1ba62c4"}
,"C:\\Users\\Aluno\\3DT\\unit-tests\\server\\src\\app\\models\\User.js": {"path":"C:\\Users\\Aluno\\3DT\\unit-tests\\server\\src\\app\\models\\User.js","statementMap":{"0":{"start":{"line":1,"column":15},"end":{"line":1,"column":34}},"1":{"start":{"line":2,"column":12},"end":{"line":2,"column":35}},"2":{"start":{"line":4,"column":0},"end":{"line":29,"column":1}},"3":{"start":{"line":5,"column":17},"end":{"line":18,"column":6}},"4":{"start":{"line":13,"column":16},"end":{"line":15,"column":17}},"5":{"start":{"line":14,"column":20},"end":{"line":14,"column":76}},"6":{"start":{"line":20,"column":4},"end":{"line":22,"column":5}},"7":{"start":{"line":21,"column":8},"end":{"line":21,"column":59}},"8":{"start":{"line":24,"column":4},"end":{"line":26,"column":5}},"9":{"start":{"line":25,"column":8},"end":{"line":25,"column":64}},"10":{"start":{"line":28,"column":4},"end":{"line":28,"column":16}}},"fnMap":{"0":{"name":"(anonymous_0)","decl":{"start":{"line":4,"column":17},"end":{"line":4,"column":18}},"loc":{"start":{"line":4,"column":43},"end":{"line":29,"column":1}},"line":4},"1":{"name":"(anonymous_1)","decl":{"start":{"line":12,"column":24},"end":{"line":12,"column":25}},"loc":{"start":{"line":12,"column":38},"end":{"line":16,"column":13}},"line":12},"2":{"name":"(anonymous_2)","decl":{"start":{"line":20,"column":35},"end":{"line":20,"column":36}},"loc":{"start":{"line":20,"column":55},"end":{"line":22,"column":5}},"line":20},"3":{"name":"(anonymous_3)","decl":{"start":{"line":24,"column":35},"end":{"line":24,"column":36}},"loc":{"start":{"line":24,"column":46},"end":{"line":26,"column":5}},"line":24}},"branchMap":{"0":{"loc":{"start":{"line":13,"column":16},"end":{"line":15,"column":17}},"type":"if","locations":[{"start":{"line":13,"column":16},"end":{"line":15,"column":17}},{"start":{},"end":{}}],"line":13}},"s":{"0":2,"1":2,"2":2,"3":2,"4":5,"5":5,"6":2,"7":3,"8":2,"9":3,"10":2},"f":{"0":2,"1":5,"2":3,"3":3},"b":{"0":[5,0]},"_coverageSchema":"1a1c01bbd47fc00a2c39e90264f33305004495a9","hash":"a952c5030ea3bfbf1720405dd982b3ff34220a55"}
,"C:\\Users\\Aluno\\3DT\\unit-tests\\server\\src\\app\\models\\index.js": {"path":"C:\\Users\\Aluno\\3DT\\unit-tests\\server\\src\\app\\models\\index.js","statementMap":{"0":{"start":{"line":3,"column":11},"end":{"line":3,"column":24}},"1":{"start":{"line":4,"column":13},"end":{"line":4,"column":28}},"2":{"start":{"line":5,"column":18},"end":{"line":5,"column":38}},"3":{"start":{"line":6,"column":17},"end":{"line":6,"column":42}},"4":{"start":{"line":7,"column":15},"end":{"line":7,"column":47}},"5":{"start":{"line":8,"column":11},"end":{"line":8,"column":13}},"6":{"start":{"line":10,"column":18},"end":{"line":10,"column":90}},"7":{"start":{"line":12,"column":0},"end":{"line":20,"column":5}},"8":{"start":{"line":15,"column":4},"end":{"line":15,"column":90}},"9":{"start":{"line":18,"column":18},"end":{"line":18,"column":85}},"10":{"start":{"line":19,"column":4},"end":{"line":19,"column":27}},"11":{"start":{"line":22,"column":0},"end":{"line":26,"column":3}},"12":{"start":{"line":23,"column":2},"end":{"line":25,"column":3}},"13":{"start":{"line":24,"column":4},"end":{"line":24,"column":32}},"14":{"start":{"line":28,"column":0},"end":{"line":28,"column":25}},"15":{"start":{"line":29,"column":0},"end":{"line":29,"column":25}},"16":{"start":{"line":31,"column":0},"end":{"line":31,"column":20}}},"fnMap":{"0":{"name":"(anonymous_0)","decl":{"start":{"line":14,"column":10},"end":{"line":14,"column":11}},"loc":{"start":{"line":14,"column":18},"end":{"line":16,"column":3}},"line":14},"1":{"name":"(anonymous_1)","decl":{"start":{"line":17,"column":11},"end":{"line":17,"column":12}},"loc":{"start":{"line":17,"column":19},"end":{"line":20,"column":3}},"line":17},"2":{"name":"(anonymous_2)","decl":{"start":{"line":22,"column":24},"end":{"line":22,"column":25}},"loc":{"start":{"line":22,"column":37},"end":{"line":26,"column":1}},"line":22}},"branchMap":{"0":{"loc":{"start":{"line":15,"column":11},"end":{"line":15,"column":89}},"type":"binary-expr","locations":[{"start":{"line":15,"column":12},"end":{"line":15,"column":35}},{"start":{"line":15,"column":41},"end":{"line":15,"column":58}},{"start":{"line":15,"column":64},"end":{"line":15,"column":88}}],"line":15},"1":{"loc":{"start":{"line":23,"column":2},"end":{"line":25,"column":3}},"type":"if","locations":[{"start":{"line":23,"column":2},"end":{"line":25,"column":3}},{"start":{},"end":{}}],"line":23}},"s":{"0":2,"1":2,"2":2,"3":2,"4":2,"5":2,"6":2,"7":2,"8":4,"9":2,"10":2,"11":2,"12":2,"13":0,"14":2,"15":2,"16":2},"f":{"0":4,"1":2,"2":2},"b":{"0":[4,4,2],"1":[0,2]},"_coverageSchema":"1a1c01bbd47fc00a2c39e90264f33305004495a9","hash":"a26bb1cefbb7112a88cbb7942d110c7628c6b0bd"}
,"C:\\Users\\Aluno\\3DT\\unit-tests\\server\\src\\config\\database.js": {"path":"C:\\Users\\Aluno\\3DT\\unit-tests\\server\\src\\config\\database.js","statementMap":{"0":{"start":{"line":1,"column":0},"end":{"line":3,"column":3}},"1":{"start":{"line":5,"column":0},"end":{"line":19,"column":1}}},"fnMap":{},"branchMap":{"0":{"loc":{"start":{"line":2,"column":8},"end":{"line":2,"column":61}},"type":"cond-expr","locations":[{"start":{"line":2,"column":41},"end":{"line":2,"column":52}},{"start":{"line":2,"column":55},"end":{"line":2,"column":61}}],"line":2},"1":{"loc":{"start":{"line":10,"column":11},"end":{"line":10,"column":47}},"type":"binary-expr","locations":[{"start":{"line":10,"column":11},"end":{"line":10,"column":33}},{"start":{"line":10,"column":37},"end":{"line":10,"column":47}}],"line":10}},"s":{"0":2,"1":2},"f":{},"b":{"0":[0,2],"1":[2,2]},"_coverageSchema":"1a1c01bbd47fc00a2c39e90264f33305004495a9","hash":"e106d4b048a2a159780824eb4d6f774b5461539f"}
,"C:\\Users\\Aluno\\3DT\\unit-tests\\server\\src\\database\\migrations\\20220202201812-create-users.js": {"path":"C:\\Users\\Aluno\\3DT\\unit-tests\\server\\src\\database\\migrations\\20220202201812-create-users.js","statementMap":{"0":{"start":{"line":3,"column":0},"end":{"line":39,"column":2}},"1":{"start":{"line":5,"column":4},"end":{"line":33,"column":6}},"2":{"start":{"line":37,"column":4},"end":{"line":37,"column":45}}},"fnMap":{"0":{"name":"(anonymous_0)","decl":{"start":{"line":4,"column":2},"end":{"line":4,"column":3}},"loc":{"start":{"line":4,"column":38},"end":{"line":34,"column":3}},"line":4},"1":{"name":"(anonymous_1)","decl":{"start":{"line":36,"column":2},"end":{"line":36,"column":3}},"loc":{"start":{"line":36,"column":40},"end":{"line":38,"column":3}},"line":36}},"branchMap":{},"s":{"0":0,"1":0,"2":0},"f":{"0":0,"1":0},"b":{}}
}
